# JRE version: OpenJDK Runtime Environment Temurin-17.0.6+10 (17.0.6+10) (build 17.0.6+10)
# Java VM: OpenJDK 64-Bit Server VM Temurin-17.0.6+10 (17.0.6+10, mixed mode, tiered, compressed oops, compressed class ptrs, parallel gc, linux-amd64)
GC Precious Log:
 CPUs: 8 total, 8 available
 Memory: 15718M
 Large Page Support: Disabled
 NUMA Support: Disabled
 Compressed Oops: Enabled (32-bit)
 Alignments: Space 512K, Generation 512K, Heap 2M
 Heap Min Capacity: 100M
 Heap Initial Capacity: 100M
 Heap Max Capacity: 1G
 Pre-touch: Disabled
 Parallel Workers: 8
Heap:
 PSYoungGen      total 7168K, used 6723K [0x00000000eab00000, 0x00000000ebd80000, 0x0000000100000000)
  eden space 2560K, 100% used [0x00000000eab00000,0x00000000ead80000,0x00000000ead80000)
  from space 4608K, 90% used [0x00000000eb900000,0x00000000ebd10cf0,0x00000000ebd80000)
  to   space 5120K, 99% used [0x00000000eb380000,0x00000000eb87bb78,0x00000000eb880000)
 ParOldGen       total 325120K, used 304227K [0x00000000c0000000, 0x00000000d3d80000, 0x00000000eab00000)
  object space 325120K, 93% used [0x00000000c0000000,0x00000000d2918d88,0x00000000d3d80000)
 Metaspace       used 56632K, committed 57536K, reserved 1105920K
  class space    used 6293K, committed 6656K, reserved 1048576K
GC Heap History (20 events):
Event: 8.335 GC heap after
{Heap after GC invocations=172 (full 8):
 PSYoungGen      total 13824K, used 3493K [0x00000000eab00000, 0x00000000ebc80000, 0x0000000100000000)
  eden space 10240K, 0% used [0x00000000eab00000,0x00000000eab00000,0x00000000eb500000)
  from space 3584K, 97% used [0x00000000eb900000,0x00000000ebc696f8,0x00000000ebc80000)
  to   space 3584K, 0% used [0x00000000eb580000,0x00000000eb580000,0x00000000eb900000)
 ParOldGen       total 265728K, used 261565K [0x00000000c0000000, 0x00000000d0380000, 0x00000000eab00000)
  object space 265728K, 98% used [0x00000000c0000000,0x00000000cff6f550,0x00000000d0380000)
 Metaspace       used 56614K, committed 57472K, reserved 1105920K
  class space    used 6292K, committed 6656K, reserved 1048576K
}
Event: 8.340 GC heap before
{Heap before GC invocations=173 (full 8):
 PSYoungGen      total 13824K, used 13733K [0x00000000eab00000, 0x00000000ebc80000, 0x0000000100000000)
  eden space 10240K, 100% used [0x00000000eab00000,0x00000000eb500000,0x00000000eb500000)
  from space 3584K, 97% used [0x00000000eb900000,0x00000000ebc696f8,0x00000000ebc80000)
  to   space 3584K, 0% used [0x00000000eb580000,0x00000000eb580000,0x00000000eb900000)
 ParOldGen       total 265728K, used 261565K [0x00000000c0000000, 0x00000000d0380000, 0x00000000eab00000)
  object space 265728K, 98% used [0x00000000c0000000,0x00000000cff6f550,0x00000000d0380000)
 Metaspace       used 56614K, committed 57472K, reserved 1105920K
  class space    used 6292K, committed 6656K, reserved 1048576K
}
Event: 8.342 GC heap after
{Heap after GC invocations=173 (full 8):
 PSYoungGen      total 14336K, used 3576K [0x00000000eab00000, 0x00000000ec780000, 0x0000000100000000)
  eden space 10752K, 0% used [0x00000000eab00000,0x00000000eab00000,0x00000000eb580000)
  from space 3584K, 99% used [0x00000000eb580000,0x00000000eb8fe390,0x00000000eb900000)
  to   space 8704K, 0% used [0x00000000ebf00000,0x00000000ebf00000,0x00000000ec780000)
 ParOldGen       total 265728K, used 265652K [0x00000000c0000000, 0x00000000d0380000, 0x00000000eab00000)
  object space 265728K, 99% used [0x00000000c0000000,0x00000000d036d2c8,0x00000000d0380000)
 Metaspace       used 56614K, committed 57472K, reserved 1105920K
  class space    used 6292K, committed 6656K, reserved 1048576K
}
Event: 8.342 GC heap before
{Heap before GC invocations=174 (full 9):
 PSYoungGen      total 14336K, used 3576K [0x00000000eab00000, 0x00000000ec780000, 0x0000000100000000)
  eden space 10752K, 0% used [0x00000000eab00000,0x00000000eab00000,0x00000000eb580000)
  from space 3584K, 99% used [0x00000000eb580000,0x00000000eb8fe390,0x00000000eb900000)
  to   space 8704K, 0% used [0x00000000ebf00000,0x00000000ebf00000,0x00000000ec780000)
 ParOldGen       total 265728K, used 265652K [0x00000000c0000000, 0x00000000d0380000, 0x00000000eab00000)
  object space 265728K, 99% used [0x00000000c0000000,0x00000000d036d2c8,0x00000000d0380000)
 Metaspace       used 56614K, committed 57472K, reserved 1105920K
  class space    used 6292K, committed 6656K, reserved 1048576K
}
Event: 8.536 GC heap after
{Heap after GC invocations=174 (full 9):
 PSYoungGen      total 14336K, used 1483K [0x00000000eab00000, 0x00000000ec880000, 0x0000000100000000)
  eden space 10752K, 0% used [0x00000000eab00000,0x00000000eab00000,0x00000000eb580000)
  from space 3584K, 41% used [0x00000000eb580000,0x00000000eb6f2fd0,0x00000000eb900000)
  to   space 8704K, 0% used [0x00000000ec000000,0x00000000ec000000,0x00000000ec880000)
 ParOldGen       total 325120K, used 265349K [0x00000000c0000000, 0x00000000d3d80000, 0x00000000eab00000)
  object space 325120K, 81% used [0x00000000c0000000,0x00000000d03216c8,0x00000000d3d80000)
 Metaspace       used 56614K, committed 57472K, reserved 1105920K
  class space    used 6292K, committed 6656K, reserved 1048576K
}
Event: 8.612 GC heap before
{Heap before GC invocations=175 (full 9):
 PSYoungGen      total 14336K, used 12235K [0x00000000eab00000, 0x00000000ec880000, 0x0000000100000000)
  eden space 10752K, 100% used [0x00000000eab00000,0x00000000eb580000,0x00000000eb580000)
  from space 3584K, 41% used [0x00000000eb580000,0x00000000eb6f2fd0,0x00000000eb900000)
  to   space 8704K, 0% used [0x00000000ec000000,0x00000000ec000000,0x00000000ec880000)
 ParOldGen       total 325120K, used 265349K [0x00000000c0000000, 0x00000000d3d80000, 0x00000000eab00000)
  object space 325120K, 81% used [0x00000000c0000000,0x00000000d03216c8,0x00000000d3d80000)
 Metaspace       used 56628K, committed 57536K, reserved 1105920K
  class space    used 6293K, committed 6656K, reserved 1048576K
}
Event: 8.628 GC heap after
{Heap after GC invocations=175 (full 9):
 PSYoungGen      total 15872K, used 3165K [0x00000000eab00000, 0x00000000ec380000, 0x0000000100000000)
  eden space 12288K, 0% used [0x00000000eab00000,0x00000000eab00000,0x00000000eb700000)
  from space 3584K, 88% used [0x00000000ec000000,0x00000000ec3174b8,0x00000000ec380000)
  to   space 5120K, 0% used [0x00000000eb980000,0x00000000eb980000,0x00000000ebe80000)
 ParOldGen       total 325120K, used 266858K [0x00000000c0000000, 0x00000000d3d80000, 0x00000000eab00000)
  object space 325120K, 82% used [0x00000000c0000000,0x00000000d049a858,0x00000000d3d80000)
 Metaspace       used 56628K, committed 57536K, reserved 1105920K
  class space    used 6293K, committed 6656K, reserved 1048576K
}
Event: 8.746 GC heap before
{Heap before GC invocations=176 (full 9):
 PSYoungGen      total 15872K, used 15193K [0x00000000eab00000, 0x00000000ec380000, 0x0000000100000000)
  eden space 12288K, 97% used [0x00000000eab00000,0x00000000eb6bf110,0x00000000eb700000)
  from space 3584K, 88% used [0x00000000ec000000,0x00000000ec3174b8,0x00000000ec380000)
  to   space 5120K, 0% used [0x00000000eb980000,0x00000000eb980000,0x00000000ebe80000)
 ParOldGen       total 325120K, used 266858K [0x00000000c0000000, 0x00000000d3d80000, 0x00000000eab00000)
  object space 325120K, 82% used [0x00000000c0000000,0x00000000d049a858,0x00000000d3d80000)
 Metaspace       used 56632K, committed 57536K, reserved 1105920K
  class space    used 6293K, committed 6656K, reserved 1048576K
}
Event: 8.751 GC heap after
{Heap after GC invocations=176 (full 9):
 PSYoungGen      total 18944K, used 5105K [0x00000000eab00000, 0x00000000ecf80000, 0x0000000100000000)
  eden space 13824K, 0% used [0x00000000eab00000,0x00000000eab00000,0x00000000eb880000)
  from space 5120K, 99% used [0x00000000eb980000,0x00000000ebe7c7d0,0x00000000ebe80000)
  to   space 11776K, 0% used [0x00000000ec400000,0x00000000ec400000,0x00000000ecf80000)
 ParOldGen       total 325120K, used 271944K [0x00000000c0000000, 0x00000000d3d80000, 0x00000000eab00000)
  object space 325120K, 83% used [0x00000000c0000000,0x00000000d0992328,0x00000000d3d80000)
 Metaspace       used 56632K, committed 57536K, reserved 1105920K
  class space    used 6293K, committed 6656K, reserved 1048576K
}
Event: 8.902 GC heap before
{Heap before GC invocations=177 (full 9):
 PSYoungGen      total 18944K, used 18720K [0x00000000eab00000, 0x00000000ecf80000, 0x0000000100000000)
  eden space 13824K, 98% used [0x00000000eab00000,0x00000000eb84b928,0x00000000eb880000)
  from space 5120K, 99% used [0x00000000eb980000,0x00000000ebe7c7d0,0x00000000ebe80000)
  to   space 11776K, 0% used [0x00000000ec400000,0x00000000ec400000,0x00000000ecf80000)
 ParOldGen       total 325120K, used 271944K [0x00000000c0000000, 0x00000000d3d80000, 0x00000000eab00000)
  object space 325120K, 83% used [0x00000000c0000000,0x00000000d0992328,0x00000000d3d80000)
 Metaspace       used 56632K, committed 57536K, reserved 1105920K
  class space    used 6293K, committed 6656K, reserved 1048576K
}
Event: 8.910 GC heap after
{Heap after GC invocations=177 (full 9):
 PSYoungGen      total 20992K, used 11746K [0x00000000eab00000, 0x00000000eda00000, 0x0000000100000000)
  eden space 9216K, 0% used [0x00000000eab00000,0x00000000eab00000,0x00000000eb400000)
  from space 11776K, 99% used [0x00000000ec400000,0x00000000ecf78b18,0x00000000ecf80000)
  to   space 16384K, 0% used [0x00000000eb400000,0x00000000eb400000,0x00000000ec400000)
 ParOldGen       total 325120K, used 275060K [0x00000000c0000000, 0x00000000d3d80000, 0x00000000eab00000)
  object space 325120K, 84% used [0x00000000c0000000,0x00000000d0c9d2e8,0x00000000d3d80000)
 Metaspace       used 56632K, committed 57536K, reserved 1105920K
  class space    used 6293K, committed 6656K, reserved 1048576K
}
Event: 9.029 GC heap before
{Heap before GC invocations=178 (full 9):
 PSYoungGen      total 20992K, used 20962K [0x00000000eab00000, 0x00000000eda00000, 0x0000000100000000)
  eden space 9216K, 100% used [0x00000000eab00000,0x00000000eb400000,0x00000000eb400000)
  from space 11776K, 99% used [0x00000000ec400000,0x00000000ecf78b18,0x00000000ecf80000)
  to   space 16384K, 0% used [0x00000000eb400000,0x00000000eb400000,0x00000000ec400000)
 ParOldGen       total 325120K, used 275060K [0x00000000c0000000, 0x00000000d3d80000, 0x00000000eab00000)
  object space 325120K, 84% used [0x00000000c0000000,0x00000000d0c9d2e8,0x00000000d3d80000)
 Metaspace       used 56632K, committed 57536K, reserved 1105920K
  class space    used 6293K, committed 6656K, reserved 1048576K
}
Event: 9.039 GC heap after
{Heap after GC invocations=178 (full 9):
 PSYoungGen      total 18944K, used 9290K [0x00000000eab00000, 0x00000000ecc00000, 0x0000000100000000)
  eden space 9216K, 0% used [0x00000000eab00000,0x00000000eab00000,0x00000000eb400000)
  from space 9728K, 95% used [0x00000000eb400000,0x00000000ebd129d8,0x00000000ebd80000)
  to   space 11776K, 0% used [0x00000000ec080000,0x00000000ec080000,0x00000000ecc00000)
 ParOldGen       total 325120K, used 285015K [0x00000000c0000000, 0x00000000d3d80000, 0x00000000eab00000)
  object space 325120K, 87% used [0x00000000c0000000,0x00000000d1655d80,0x00000000d3d80000)
 Metaspace       used 56632K, committed 57536K, reserved 1105920K
  class space    used 6293K, committed 6656K, reserved 1048576K
}
Event: 9.165 GC heap before
{Heap before GC invocations=179 (full 9):
 PSYoungGen      total 18944K, used 18506K [0x00000000eab00000, 0x00000000ecc00000, 0x0000000100000000)
  eden space 9216K, 100% used [0x00000000eab00000,0x00000000eb400000,0x00000000eb400000)
  from space 9728K, 95% used [0x00000000eb400000,0x00000000ebd129d8,0x00000000ebd80000)
  to   space 11776K, 0% used [0x00000000ec080000,0x00000000ec080000,0x00000000ecc00000)
 ParOldGen       total 325120K, used 285015K [0x00000000c0000000, 0x00000000d3d80000, 0x00000000eab00000)
  object space 325120K, 87% used [0x00000000c0000000,0x00000000d1655d80,0x00000000d3d80000)
 Metaspace       used 56632K, committed 57536K, reserved 1105920K
  class space    used 6293K, committed 6656K, reserved 1048576K
}
Event: 9.175 GC heap after
{Heap after GC invocations=179 (full 9):
 PSYoungGen      total 13824K, used 11756K [0x00000000eab00000, 0x00000000edc00000, 0x0000000100000000)
  eden space 2048K, 0% used [0x00000000eab00000,0x00000000eab00000,0x00000000ead00000)
  from space 11776K, 99% used [0x00000000ec080000,0x00000000ecbfb3b0,0x00000000ecc00000)
  to   space 19968K, 0% used [0x00000000ead00000,0x00000000ead00000,0x00000000ec080000)
 ParOldGen       total 325120K, used 291492K [0x00000000c0000000, 0x00000000d3d80000, 0x00000000eab00000)
  object space 325120K, 89% used [0x00000000c0000000,0x00000000d1ca91e8,0x00000000d3d80000)
 Metaspace       used 56632K, committed 57536K, reserved 1105920K
  class space    used 6293K, committed 6656K, reserved 1048576K
}
Event: 9.197 GC heap before
{Heap before GC invocations=180 (full 9):
 PSYoungGen      total 13824K, used 13804K [0x00000000eab00000, 0x00000000edc00000, 0x0000000100000000)
  eden space 2048K, 100% used [0x00000000eab00000,0x00000000ead00000,0x00000000ead00000)
  from space 11776K, 99% used [0x00000000ec080000,0x00000000ecbfb3b0,0x00000000ecc00000)
  to   space 19968K, 0% used [0x00000000ead00000,0x00000000ead00000,0x00000000ec080000)
 ParOldGen       total 325120K, used 291492K [0x00000000c0000000, 0x00000000d3d80000, 0x00000000eab00000)
  object space 325120K, 89% used [0x00000000c0000000,0x00000000d1ca91e8,0x00000000d3d80000)
 Metaspace       used 56632K, committed 57536K, reserved 1105920K
  class space    used 6293K, committed 6656K, reserved 1048576K
}
Event: 9.205 GC heap after
{Heap after GC invocations=180 (full 9):
 PSYoungGen      total 4608K, used 2227K [0x00000000eab00000, 0x00000000ec100000, 0x0000000100000000)
  eden space 2048K, 0% used [0x00000000eab00000,0x00000000eab00000,0x00000000ead00000)
  from space 2560K, 87% used [0x00000000ead00000,0x00000000eaf2cfd0,0x00000000eaf80000)
  to   space 8192K, 0% used [0x00000000eb900000,0x00000000eb900000,0x00000000ec100000)
 ParOldGen       total 325120K, used 303323K [0x00000000c0000000, 0x00000000d3d80000, 0x00000000eab00000)
  object space 325120K, 93% used [0x00000000c0000000,0x00000000d2836d88,0x00000000d3d80000)
 Metaspace       used 56632K, committed 57536K, reserved 1105920K
  class space    used 6293K, committed 6656K, reserved 1048576K
}
Event: 9.234 GC heap before
{Heap before GC invocations=181 (full 9):
 PSYoungGen      total 4608K, used 4275K [0x00000000eab00000, 0x00000000ec100000, 0x0000000100000000)
  eden space 2048K, 100% used [0x00000000eab00000,0x00000000ead00000,0x00000000ead00000)
  from space 2560K, 87% used [0x00000000ead00000,0x00000000eaf2cfd0,0x00000000eaf80000)
  to   space 8192K, 0% used [0x00000000eb900000,0x00000000eb900000,0x00000000ec100000)
 ParOldGen       total 325120K, used 303323K [0x00000000c0000000, 0x00000000d3d80000, 0x00000000eab00000)
  object space 325120K, 93% used [0x00000000c0000000,0x00000000d2836d88,0x00000000d3d80000)
 Metaspace       used 56632K, committed 57536K, reserved 1105920K
  class space    used 6293K, committed 6656K, reserved 1048576K
}
Event: 9.237 GC heap after
{Heap after GC invocations=181 (full 9):
 PSYoungGen      total 7168K, used 4163K [0x00000000eab00000, 0x00000000ebd80000, 0x0000000100000000)
  eden space 2560K, 0% used [0x00000000eab00000,0x00000000eab00000,0x00000000ead80000)
  from space 4608K, 90% used [0x00000000eb900000,0x00000000ebd10cf0,0x00000000ebd80000)
  to   space 5120K, 0% used [0x00000000eb380000,0x00000000eb380000,0x00000000eb880000)
 ParOldGen       total 325120K, used 303323K [0x00000000c0000000, 0x00000000d3d80000, 0x00000000eab00000)
  object space 325120K, 93% used [0x00000000c0000000,0x00000000d2836d88,0x00000000d3d80000)
 Metaspace       used 56632K, committed 57536K, reserved 1105920K
  class space    used 6293K, committed 6656K, reserved 1048576K
}
Event: 9.284 GC heap before
{Heap before GC invocations=182 (full 9):
 PSYoungGen      total 7168K, used 6723K [0x00000000eab00000, 0x00000000ebd80000, 0x0000000100000000)
  eden space 2560K, 100% used [0x00000000eab00000,0x00000000ead80000,0x00000000ead80000)
  from space 4608K, 90% used [0x00000000eb900000,0x00000000ebd10cf0,0x00000000ebd80000)
  to   space 5120K, 0% used [0x00000000eb380000,0x00000000eb380000,0x00000000eb880000)
 ParOldGen       total 325120K, used 303323K [0x00000000c0000000, 0x00000000d3d80000, 0x00000000eab00000)
  object space 325120K, 93% used [0x00000000c0000000,0x00000000d2836d88,0x00000000d3d80000)
 Metaspace       used 56632K, committed 57536K, reserved 1105920K
  class space    used 6293K, committed 6656K, reserved 1048576K
}

